# JRE version: OpenJDK Runtime Environment (17.0.9) (build 17.0.9+0--11185874)
# Java VM: OpenJDK 64-Bit Server VM (17.0.9+0--11185874, mixed mode, tiered, compressed oops, compressed class ptrs, g1 gc, windows-amd64)
GC Precious Log:
 CPUs: 4 total, 4 available
 Memory: 3992M
 Large Page Support: Disabled
 NUMA Support: Disabled
 Compressed Oops: Enabled (32-bit)
 Heap Region Size: 1M
 Heap Min Capacity: 8M
 Heap Initial Capacity: 64M
 Heap Max Capacity: 2G
 Pre-touch: Disabled
 Parallel Workers: 4
 Concurrent Workers: 1
 Concurrent Refinement Workers: 4
 Periodic GC: Disabled
Heap:
 garbage-first heap   total 347136K, used 100445K [0x0000000080000000, 0x0000000100000000)
  region size 1024K, 15 young (15360K), 2 survivors (2048K)
 Metaspace       used 75370K, committed 76032K, reserved 1179648K
  class space    used 10126K, committed 10432K, reserved 1048576K
GC Heap History (20 events):
Event: 1901.721 GC heap before
{Heap before GC invocations=83 (full 0):
 garbage-first heap   total 347136K, used 95898K [0x0000000080000000, 0x0000000100000000)
  region size 1024K, 16 young (16384K), 1 survivors (1024K)
 Metaspace       used 64515K, committed 65216K, reserved 1114112K
  class space    used 8720K, committed 9024K, reserved 1048576K
}
Event: 1901.812 GC heap after
{Heap after GC invocations=84 (full 0):
 garbage-first heap   total 347136K, used 82011K [0x0000000080000000, 0x0000000100000000)
  region size 1024K, 2 young (2048K), 2 survivors (2048K)
 Metaspace       used 64515K, committed 65216K, reserved 1114112K
  class space    used 8720K, committed 9024K, reserved 1048576K
}
Event: 1987.455 GC heap before
{Heap before GC invocations=84 (full 0):
 garbage-first heap   total 347136K, used 96347K [0x0000000080000000, 0x0000000100000000)
  region size 1024K, 16 young (16384K), 2 survivors (2048K)
 Metaspace       used 65662K, committed 66368K, reserved 1114112K
  class space    used 8873K, committed 9216K, reserved 1048576K
}
Event: 1989.303 GC heap after
{Heap after GC invocations=85 (full 0):
 garbage-first heap   total 347136K, used 82299K [0x0000000080000000, 0x0000000100000000)
  region size 1024K, 1 young (1024K), 1 survivors (1024K)
 Metaspace       used 65662K, committed 66368K, reserved 1114112K
  class space    used 8873K, committed 9216K, reserved 1048576K
}
Event: 2030.003 GC heap before
{Heap before GC invocations=85 (full 0):
 garbage-first heap   total 347136K, used 96635K [0x0000000080000000, 0x0000000100000000)
  region size 1024K, 16 young (16384K), 1 survivors (1024K)
 Metaspace       used 67082K, committed 67840K, reserved 1114112K
  class space    used 9012K, committed 9344K, reserved 1048576K
}
Event: 2030.762 GC heap after
{Heap after GC invocations=86 (full 0):
 garbage-first heap   total 347136K, used 82543K [0x0000000080000000, 0x0000000100000000)
  region size 1024K, 1 young (1024K), 1 survivors (1024K)
 Metaspace       used 67082K, committed 67840K, reserved 1114112K
  class space    used 9012K, committed 9344K, reserved 1048576K
}
Event: 2154.968 GC heap before
{Heap before GC invocations=86 (full 0):
 garbage-first heap   total 347136K, used 96879K [0x0000000080000000, 0x0000000100000000)
  region size 1024K, 16 young (16384K), 1 survivors (1024K)
 Metaspace       used 68485K, committed 69184K, reserved 1114112K
  class space    used 9180K, committed 9536K, reserved 1048576K
}
Event: 2155.891 GC heap after
{Heap after GC invocations=87 (full 0):
 garbage-first heap   total 347136K, used 82905K [0x0000000080000000, 0x0000000100000000)
  region size 1024K, 2 young (2048K), 2 survivors (2048K)
 Metaspace       used 68485K, committed 69184K, reserved 1114112K
  class space    used 9180K, committed 9536K, reserved 1048576K
}
Event: 2234.592 GC heap before
{Heap before GC invocations=87 (full 0):
 garbage-first heap   total 347136K, used 97241K [0x0000000080000000, 0x0000000100000000)
  region size 1024K, 16 young (16384K), 2 survivors (2048K)
 Metaspace       used 69727K, committed 70464K, reserved 1114112K
  class space    used 9398K, committed 9728K, reserved 1048576K
}
Event: 2236.492 GC heap after
{Heap after GC invocations=88 (full 0):
 garbage-first heap   total 347136K, used 83352K [0x0000000080000000, 0x0000000100000000)
  region size 1024K, 2 young (2048K), 2 survivors (2048K)
 Metaspace       used 69727K, committed 70464K, reserved 1114112K
  class space    used 9398K, committed 9728K, reserved 1048576K
}
Event: 2312.502 GC heap before
{Heap before GC invocations=88 (full 0):
 garbage-first heap   total 347136K, used 97688K [0x0000000080000000, 0x0000000100000000)
  region size 1024K, 16 young (16384K), 2 survivors (2048K)
 Metaspace       used 71595K, committed 72320K, reserved 1114112K
  class space    used 9628K, committed 9984K, reserved 1048576K
}
Event: 2314.063 GC heap after
{Heap after GC invocations=89 (full 0):
 garbage-first heap   total 347136K, used 84853K [0x0000000080000000, 0x0000000100000000)
  region size 1024K, 2 young (2048K), 2 survivors (2048K)
 Metaspace       used 71595K, committed 72320K, reserved 1114112K
  class space    used 9628K, committed 9984K, reserved 1048576K
}
Event: 2330.327 GC heap before
{Heap before GC invocations=89 (full 0):
 garbage-first heap   total 347136K, used 104309K [0x0000000080000000, 0x0000000100000000)
  region size 1024K, 16 young (16384K), 2 survivors (2048K)
 Metaspace       used 71694K, committed 72384K, reserved 1114112K
  class space    used 9642K, committed 9984K, reserved 1048576K
}
Event: 2333.441 GC heap after
{Heap after GC invocations=90 (full 0):
 garbage-first heap   total 347136K, used 87108K [0x0000000080000000, 0x0000000100000000)
  region size 1024K, 2 young (2048K), 2 survivors (2048K)
 Metaspace       used 71694K, committed 72384K, reserved 1114112K
  class space    used 9642K, committed 9984K, reserved 1048576K
}
Event: 2369.226 GC heap before
{Heap before GC invocations=90 (full 0):
 garbage-first heap   total 347136K, used 100420K [0x0000000080000000, 0x0000000100000000)
  region size 1024K, 16 young (16384K), 2 survivors (2048K)
 Metaspace       used 72692K, committed 73408K, reserved 1114112K
  class space    used 9780K, committed 10112K, reserved 1048576K
}
Event: 2369.511 GC heap after
{Heap after GC invocations=91 (full 0):
 garbage-first heap   total 347136K, used 87812K [0x0000000080000000, 0x0000000100000000)
  region size 1024K, 1 young (1024K), 1 survivors (1024K)
 Metaspace       used 72692K, committed 73408K, reserved 1114112K
  class space    used 9780K, committed 10112K, reserved 1048576K
}
Event: 2410.608 GC heap before
{Heap before GC invocations=91 (full 0):
 garbage-first heap   total 347136K, used 103172K [0x0000000080000000, 0x0000000100000000)
  region size 1024K, 16 young (16384K), 1 survivors (1024K)
 Metaspace       used 73684K, committed 74432K, reserved 1114112K
  class space    used 9916K, committed 10240K, reserved 1048576K
}
Event: 2410.862 GC heap after
{Heap after GC invocations=92 (full 0):
 garbage-first heap   total 347136K, used 88432K [0x0000000080000000, 0x0000000100000000)
  region size 1024K, 2 young (2048K), 2 survivors (2048K)
 Metaspace       used 73684K, committed 74432K, reserved 1114112K
  class space    used 9916K, committed 10240K, reserved 1048576K
}
Event: 2448.700 GC heap before
{Heap before GC invocations=92 (full 0):
 garbage-first heap   total 347136K, used 102768K [0x0000000080000000, 0x0000000100000000)
  region size 1024K, 16 young (16384K), 2 survivors (2048K)
 Metaspace       used 74602K, committed 75328K, reserved 1114112K
  class space    used 10038K, committed 10368K, reserved 1048576K
}
Event: 2449.116 GC heap after
{Heap after GC invocations=93 (full 0):
 garbage-first heap   total 347136K, used 89181K [0x0000000080000000, 0x0000000100000000)
  region size 1024K, 2 young (2048K), 2 survivors (2048K)
 Metaspace       used 74602K, committed 75328K, reserved 1114112K
  class space    used 10038K, committed 10368K, reserved 1048576K
}

