# JRE version: OpenJDK Runtime Environment (17.0.9) (build 17.0.9+0--11185874)
# Java VM: OpenJDK 64-Bit Server VM (17.0.9+0--11185874, mixed mode, tiered, compressed oops, compressed class ptrs, g1 gc, windows-amd64)
GC Precious Log:
 CPUs: 4 total, 4 available
 Memory: 3992M
 Large Page Support: Disabled
 NUMA Support: Disabled
 Compressed Oops: Enabled (32-bit)
 Heap Region Size: 1M
 Heap Min Capacity: 8M
 Heap Initial Capacity: 64M
 Heap Max Capacity: 2G
 Pre-touch: Disabled
 Parallel Workers: 4
 Concurrent Workers: 1
 Concurrent Refinement Workers: 4
 Periodic GC: Disabled
Heap:
 garbage-first heap   total 283648K, used 95927K [0x0000000080000000, 0x0000000100000000)
  region size 1024K, 2 young (2048K), 2 survivors (2048K)
 Metaspace       used 75256K, committed 75968K, reserved 1179648K
  class space    used 10114K, committed 10432K, reserved 1048576K
GC Heap History (20 events):
Event: 2029.205 GC heap after
{Heap after GC invocations=103 (full 0):
 garbage-first heap   total 283648K, used 83617K [0x0000000080000000, 0x0000000100000000)
  region size 1024K, 2 young (2048K), 2 survivors (2048K)
 Metaspace       used 66919K, committed 67584K, reserved 1114112K
  class space    used 8986K, committed 9280K, reserved 1048576K
}
Event: 2102.335 GC heap before
{Heap before GC invocations=103 (full 0):
 garbage-first heap   total 283648K, used 94881K [0x0000000080000000, 0x0000000100000000)
  region size 1024K, 13 young (13312K), 2 survivors (2048K)
 Metaspace       used 68006K, committed 68672K, reserved 1114112K
  class space    used 9124K, committed 9472K, reserved 1048576K
}
Event: 2103.315 GC heap after
{Heap after GC invocations=104 (full 0):
 garbage-first heap   total 283648K, used 83904K [0x0000000080000000, 0x0000000100000000)
  region size 1024K, 2 young (2048K), 2 survivors (2048K)
 Metaspace       used 68006K, committed 68672K, reserved 1114112K
  class space    used 9124K, committed 9472K, reserved 1048576K
}
Event: 2191.319 GC heap before
{Heap before GC invocations=104 (full 0):
 garbage-first heap   total 283648K, used 95168K [0x0000000080000000, 0x0000000100000000)
  region size 1024K, 13 young (13312K), 2 survivors (2048K)
 Metaspace       used 68835K, committed 69632K, reserved 1114112K
  class space    used 9239K, committed 9600K, reserved 1048576K
}
Event: 2192.037 GC heap after
{Heap after GC invocations=105 (full 0):
 garbage-first heap   total 283648K, used 84134K [0x0000000080000000, 0x0000000100000000)
  region size 1024K, 2 young (2048K), 2 survivors (2048K)
 Metaspace       used 68835K, committed 69632K, reserved 1114112K
  class space    used 9239K, committed 9600K, reserved 1048576K
}
Event: 2253.346 GC heap before
{Heap before GC invocations=105 (full 0):
 garbage-first heap   total 283648K, used 95398K [0x0000000080000000, 0x0000000100000000)
  region size 1024K, 13 young (13312K), 2 survivors (2048K)
 Metaspace       used 69868K, committed 70592K, reserved 1114112K
  class space    used 9419K, committed 9792K, reserved 1048576K
}
Event: 2253.989 GC heap after
{Heap after GC invocations=106 (full 0):
 garbage-first heap   total 283648K, used 84693K [0x0000000080000000, 0x0000000100000000)
  region size 1024K, 2 young (2048K), 2 survivors (2048K)
 Metaspace       used 69868K, committed 70592K, reserved 1114112K
  class space    used 9419K, committed 9792K, reserved 1048576K
}
Event: 2313.062 GC heap before
{Heap before GC invocations=106 (full 0):
 garbage-first heap   total 283648K, used 94933K [0x0000000080000000, 0x0000000100000000)
  region size 1024K, 13 young (13312K), 2 survivors (2048K)
 Metaspace       used 71584K, committed 72320K, reserved 1114112K
  class space    used 9625K, committed 9920K, reserved 1048576K
}
Event: 2313.795 GC heap after
{Heap after GC invocations=107 (full 0):
 garbage-first heap   total 283648K, used 86060K [0x0000000080000000, 0x0000000100000000)
  region size 1024K, 2 young (2048K), 2 survivors (2048K)
 Metaspace       used 71584K, committed 72320K, reserved 1114112K
  class space    used 9625K, committed 9920K, reserved 1048576K
}
Event: 2325.332 GC heap before
{Heap before GC invocations=107 (full 0):
 garbage-first heap   total 283648K, used 103468K [0x0000000080000000, 0x0000000100000000)
  region size 1024K, 13 young (13312K), 2 survivors (2048K)
 Metaspace       used 71625K, committed 72320K, reserved 1114112K
  class space    used 9629K, committed 9920K, reserved 1048576K
}
Event: 2330.843 GC heap after
{Heap after GC invocations=108 (full 0):
 garbage-first heap   total 283648K, used 93116K [0x0000000080000000, 0x0000000100000000)
  region size 1024K, 2 young (2048K), 2 survivors (2048K)
 Metaspace       used 71625K, committed 72320K, reserved 1114112K
  class space    used 9629K, committed 9920K, reserved 1048576K
}
Event: 2355.938 GC heap before
{Heap before GC invocations=108 (full 0):
 garbage-first heap   total 283648K, used 104380K [0x0000000080000000, 0x0000000100000000)
  region size 1024K, 13 young (13312K), 2 survivors (2048K)
 Metaspace       used 72169K, committed 72832K, reserved 1114112K
  class space    used 9727K, committed 10048K, reserved 1048576K
}
Event: 2356.189 GC heap after
{Heap after GC invocations=109 (full 0):
 garbage-first heap   total 283648K, used 93772K [0x0000000080000000, 0x0000000100000000)
  region size 1024K, 2 young (2048K), 2 survivors (2048K)
 Metaspace       used 72169K, committed 72832K, reserved 1114112K
  class space    used 9727K, committed 10048K, reserved 1048576K
}
Event: 2382.110 GC heap before
{Heap before GC invocations=109 (full 0):
 garbage-first heap   total 283648K, used 105036K [0x0000000080000000, 0x0000000100000000)
  region size 1024K, 13 young (13312K), 2 survivors (2048K)
 Metaspace       used 73046K, committed 73792K, reserved 1114112K
  class space    used 9825K, committed 10176K, reserved 1048576K
}
Event: 2383.260 GC heap after
{Heap after GC invocations=110 (full 0):
 garbage-first heap   total 283648K, used 94296K [0x0000000080000000, 0x0000000100000000)
  region size 1024K, 1 young (1024K), 1 survivors (1024K)
 Metaspace       used 73046K, committed 73792K, reserved 1114112K
  class space    used 9825K, committed 10176K, reserved 1048576K
}
Event: 2410.517 GC heap before
{Heap before GC invocations=110 (full 0):
 garbage-first heap   total 283648K, used 106584K [0x0000000080000000, 0x0000000100000000)
  region size 1024K, 13 young (13312K), 1 survivors (1024K)
 Metaspace       used 73820K, committed 74496K, reserved 1114112K
  class space    used 9937K, committed 10240K, reserved 1048576K
}
Event: 2410.557 GC heap after
{Heap after GC invocations=111 (full 0):
 garbage-first heap   total 283648K, used 94898K [0x0000000080000000, 0x0000000100000000)
  region size 1024K, 2 young (2048K), 2 survivors (2048K)
 Metaspace       used 73820K, committed 74496K, reserved 1114112K
  class space    used 9937K, committed 10240K, reserved 1048576K
}
Event: 2448.381 GC heap before
{Heap before GC invocations=111 (full 0):
 garbage-first heap   total 283648K, used 106162K [0x0000000080000000, 0x0000000100000000)
  region size 1024K, 13 young (13312K), 2 survivors (2048K)
 Metaspace       used 74542K, committed 75264K, reserved 1114112K
  class space    used 10032K, committed 10368K, reserved 1048576K
}
Event: 2449.674 GC heap after
{Heap after GC invocations=112 (full 0):
 garbage-first heap   total 283648K, used 95614K [0x0000000080000000, 0x0000000100000000)
  region size 1024K, 2 young (2048K), 2 survivors (2048K)
 Metaspace       used 74542K, committed 75264K, reserved 1114112K
  class space    used 10032K, committed 10368K, reserved 1048576K
}
Event: 2496.081 GC heap before
{Heap before GC invocations=112 (full 0):
 garbage-first heap   total 283648K, used 105854K [0x0000000080000000, 0x0000000100000000)
  region size 1024K, 13 young (13312K), 2 survivors (2048K)
 Metaspace       used 75256K, committed 75968K, reserved 1179648K
  class space    used 10114K, committed 10432K, reserved 1048576K
}

