# JRE version: OpenJDK Runtime Environment (17.0.9) (build 17.0.9+0--11185874)
# Java VM: OpenJDK 64-Bit Server VM (17.0.9+0--11185874, mixed mode, tiered, compressed oops, compressed class ptrs, g1 gc, windows-amd64)
GC Precious Log:
 CPUs: 4 total, 4 available
 Memory: 3992M
 Large Page Support: Disabled
 NUMA Support: Disabled
 Compressed Oops: Enabled (32-bit)
 Heap Region Size: 1M
 Heap Min Capacity: 8M
 Heap Initial Capacity: 64M
 Heap Max Capacity: 2G
 Pre-touch: Disabled
 Parallel Workers: 4
 Concurrent Workers: 1
 Concurrent Refinement Workers: 4
 Periodic GC: Disabled
Heap:
 garbage-first heap   total 365568K, used 101384K [0x0000000080000000, 0x0000000100000000)
  region size 1024K, 13 young (13312K), 2 survivors (2048K)
 Metaspace       used 76903K, committed 77568K, reserved 1179648K
  class space    used 10251K, committed 10560K, reserved 1048576K
GC Heap History (20 events):
Event: 2031.253 GC heap before
{Heap before GC invocations=80 (full 0):
 garbage-first heap   total 288768K, used 95965K [0x0000000080000000, 0x0000000100000000)
  region size 1024K, 14 young (14336K), 1 survivors (1024K)
 Metaspace       used 67034K, committed 67648K, reserved 1114112K
  class space    used 9004K, committed 9280K, reserved 1048576K
}
Event: 2031.955 GC heap after
{Heap after GC invocations=81 (full 0):
 garbage-first heap   total 288768K, used 83818K [0x0000000080000000, 0x0000000100000000)
  region size 1024K, 2 young (2048K), 2 survivors (2048K)
 Metaspace       used 67034K, committed 67648K, reserved 1114112K
  class space    used 9004K, committed 9280K, reserved 1048576K
}
Event: 2127.424 GC heap before
{Heap before GC invocations=81 (full 0):
 garbage-first heap   total 288768K, used 95082K [0x0000000080000000, 0x0000000100000000)
  region size 1024K, 14 young (14336K), 2 survivors (2048K)
 Metaspace       used 68180K, committed 68864K, reserved 1114112K
  class space    used 9126K, committed 9472K, reserved 1048576K
}
Event: 2127.662 GC heap after
{Heap after GC invocations=82 (full 0):
 garbage-first heap   total 288768K, used 84064K [0x0000000080000000, 0x0000000100000000)
  region size 1024K, 2 young (2048K), 2 survivors (2048K)
 Metaspace       used 68180K, committed 68864K, reserved 1114112K
  class space    used 9126K, committed 9472K, reserved 1048576K
}
Event: 2166.684 GC heap before
{Heap before GC invocations=82 (full 0):
 garbage-first heap   total 288768K, used 95328K [0x0000000080000000, 0x0000000100000000)
  region size 1024K, 14 young (14336K), 2 survivors (2048K)
 Metaspace       used 69480K, committed 70144K, reserved 1114112K
  class space    used 9236K, committed 9600K, reserved 1048576K
}
Event: 2168.058 GC heap after
{Heap after GC invocations=83 (full 0):
 garbage-first heap   total 288768K, used 84441K [0x0000000080000000, 0x0000000100000000)
  region size 1024K, 2 young (2048K), 2 survivors (2048K)
 Metaspace       used 69480K, committed 70144K, reserved 1114112K
  class space    used 9236K, committed 9600K, reserved 1048576K
}
Event: 2216.584 GC heap before
{Heap before GC invocations=83 (full 0):
 garbage-first heap   total 288768K, used 96729K [0x0000000080000000, 0x0000000100000000)
  region size 1024K, 14 young (14336K), 2 survivors (2048K)
 Metaspace       used 70547K, committed 71296K, reserved 1114112K
  class space    used 9389K, committed 9728K, reserved 1048576K
}
Event: 2217.554 GC heap after
{Heap after GC invocations=84 (full 0):
 garbage-first heap   total 288768K, used 84858K [0x0000000080000000, 0x0000000100000000)
  region size 1024K, 2 young (2048K), 2 survivors (2048K)
 Metaspace       used 70547K, committed 71296K, reserved 1114112K
  class space    used 9389K, committed 9728K, reserved 1048576K
}
Event: 2266.677 GC heap before
{Heap before GC invocations=84 (full 0):
 garbage-first heap   total 288768K, used 97146K [0x0000000080000000, 0x0000000100000000)
  region size 1024K, 14 young (14336K), 2 survivors (2048K)
 Metaspace       used 71673K, committed 72384K, reserved 1114112K
  class space    used 9584K, committed 9920K, reserved 1048576K
}
Event: 2267.606 GC heap after
{Heap after GC invocations=85 (full 0):
 garbage-first heap   total 288768K, used 85312K [0x0000000080000000, 0x0000000100000000)
  region size 1024K, 2 young (2048K), 2 survivors (2048K)
 Metaspace       used 71673K, committed 72384K, reserved 1114112K
  class space    used 9584K, committed 9920K, reserved 1048576K
}
Event: 2319.825 GC heap before
{Heap before GC invocations=85 (full 0):
 garbage-first heap   total 288768K, used 98624K [0x0000000080000000, 0x0000000100000000)
  region size 1024K, 14 young (14336K), 2 survivors (2048K)
 Metaspace       used 73279K, committed 74048K, reserved 1114112K
  class space    used 9771K, committed 10112K, reserved 1048576K
}
Event: 2321.561 GC heap after
{Heap after GC invocations=86 (full 0):
 garbage-first heap   total 288768K, used 87942K [0x0000000080000000, 0x0000000100000000)
  region size 1024K, 2 young (2048K), 2 survivors (2048K)
 Metaspace       used 73279K, committed 74048K, reserved 1114112K
  class space    used 9771K, committed 10112K, reserved 1048576K
}
Event: 2338.136 GC heap before
{Heap before GC invocations=86 (full 0):
 garbage-first heap   total 288768K, used 105350K [0x0000000080000000, 0x0000000100000000)
  region size 1024K, 14 young (14336K), 2 survivors (2048K)
 Metaspace       used 73361K, committed 74048K, reserved 1114112K
  class space    used 9785K, committed 10112K, reserved 1048576K
}
Event: 2339.321 GC heap after
{Heap after GC invocations=87 (full 0):
 garbage-first heap   total 288768K, used 89065K [0x0000000080000000, 0x0000000100000000)
  region size 1024K, 2 young (2048K), 2 survivors (2048K)
 Metaspace       used 73361K, committed 74048K, reserved 1114112K
  class space    used 9785K, committed 10112K, reserved 1048576K
}
Event: 2368.254 GC heap before
{Heap before GC invocations=87 (full 0):
 garbage-first heap   total 288768K, used 101353K [0x0000000080000000, 0x0000000100000000)
  region size 1024K, 14 young (14336K), 2 survivors (2048K)
 Metaspace       used 74242K, committed 74944K, reserved 1114112K
  class space    used 9907K, committed 10240K, reserved 1048576K
}
Event: 2368.826 GC heap after
{Heap after GC invocations=88 (full 0):
 garbage-first heap   total 365568K, used 89776K [0x0000000080000000, 0x0000000100000000)
  region size 1024K, 1 young (1024K), 1 survivors (1024K)
 Metaspace       used 74242K, committed 74944K, reserved 1114112K
  class space    used 9907K, committed 10240K, reserved 1048576K
}
Event: 2409.196 GC heap before
{Heap before GC invocations=88 (full 0):
 garbage-first heap   total 365568K, used 106160K [0x0000000080000000, 0x0000000100000000)
  region size 1024K, 17 young (17408K), 1 survivors (1024K)
 Metaspace       used 75294K, committed 75968K, reserved 1179648K
  class space    used 10053K, committed 10368K, reserved 1048576K
}
Event: 2409.840 GC heap after
{Heap after GC invocations=89 (full 0):
 garbage-first heap   total 365568K, used 90419K [0x0000000080000000, 0x0000000100000000)
  region size 1024K, 2 young (2048K), 2 survivors (2048K)
 Metaspace       used 75294K, committed 75968K, reserved 1179648K
  class space    used 10053K, committed 10368K, reserved 1048576K
}
Event: 2460.869 GC heap before
{Heap before GC invocations=89 (full 0):
 garbage-first heap   total 365568K, used 105779K [0x0000000080000000, 0x0000000100000000)
  region size 1024K, 17 young (17408K), 2 survivors (2048K)
 Metaspace       used 76267K, committed 76928K, reserved 1179648K
  class space    used 10182K, committed 10496K, reserved 1048576K
}
Event: 2460.910 GC heap after
{Heap after GC invocations=90 (full 0):
 garbage-first heap   total 365568K, used 91144K [0x0000000080000000, 0x0000000100000000)
  region size 1024K, 2 young (2048K), 2 survivors (2048K)
 Metaspace       used 76267K, committed 76928K, reserved 1179648K
  class space    used 10182K, committed 10496K, reserved 1048576K
}

