# JRE version: OpenJDK Runtime Environment (17.0.9) (build 17.0.9+0--11185874)
# Java VM: OpenJDK 64-Bit Server VM (17.0.9+0--11185874, mixed mode, tiered, compressed oops, compressed class ptrs, g1 gc, windows-amd64)
GC Precious Log:
 CPUs: 4 total, 4 available
 Memory: 3992M
 Large Page Support: Disabled
 NUMA Support: Disabled
 Compressed Oops: Enabled (32-bit)
 Heap Region Size: 1M
 Heap Min Capacity: 8M
 Heap Initial Capacity: 64M
 Heap Max Capacity: 2G
 Pre-touch: Disabled
 Parallel Workers: 4
 Concurrent Workers: 1
 Concurrent Refinement Workers: 4
 Periodic GC: Disabled
Heap:
 garbage-first heap   total 317440K, used 92664K [0x0000000080000000, 0x0000000100000000)
  region size 1024K, 5 young (5120K), 2 survivors (2048K)
 Metaspace       used 74755K, committed 75456K, reserved 1114112K
  class space    used 10058K, committed 10368K, reserved 1048576K
GC Heap History (20 events):
Event: 2083.605 GC heap before
{Heap before GC invocations=82 (full 0):
 garbage-first heap   total 264192K, used 93702K [0x0000000080000000, 0x0000000100000000)
  region size 1024K, 12 young (12288K), 1 survivors (1024K)
 Metaspace       used 66582K, committed 67328K, reserved 1114112K
  class space    used 8950K, committed 9280K, reserved 1048576K
}
Event: 2083.990 GC heap after
{Heap after GC invocations=83 (full 0):
 garbage-first heap   total 264192K, used 83691K [0x0000000080000000, 0x0000000100000000)
  region size 1024K, 2 young (2048K), 2 survivors (2048K)
 Metaspace       used 66582K, committed 67328K, reserved 1114112K
  class space    used 8950K, committed 9280K, reserved 1048576K
}
Event: 2138.924 GC heap before
{Heap before GC invocations=83 (full 0):
 garbage-first heap   total 264192K, used 92907K [0x0000000080000000, 0x0000000100000000)
  region size 1024K, 12 young (12288K), 2 survivors (2048K)
 Metaspace       used 67542K, committed 68224K, reserved 1114112K
  class space    used 9057K, committed 9344K, reserved 1048576K
}
Event: 2139.325 GC heap after
{Heap after GC invocations=84 (full 0):
 garbage-first heap   total 264192K, used 83711K [0x0000000080000000, 0x0000000100000000)
  region size 1024K, 2 young (2048K), 2 survivors (2048K)
 Metaspace       used 67542K, committed 68224K, reserved 1114112K
  class space    used 9057K, committed 9344K, reserved 1048576K
}
Event: 2186.401 GC heap before
{Heap before GC invocations=84 (full 0):
 garbage-first heap   total 264192K, used 93951K [0x0000000080000000, 0x0000000100000000)
  region size 1024K, 12 young (12288K), 2 survivors (2048K)
 Metaspace       used 68508K, committed 69248K, reserved 1114112K
  class space    used 9178K, committed 9536K, reserved 1048576K
}
Event: 2187.109 GC heap after
{Heap after GC invocations=85 (full 0):
 garbage-first heap   total 264192K, used 84109K [0x0000000080000000, 0x0000000100000000)
  region size 1024K, 2 young (2048K), 2 survivors (2048K)
 Metaspace       used 68508K, committed 69248K, reserved 1114112K
  class space    used 9178K, committed 9536K, reserved 1048576K
}
Event: 2226.947 GC heap before
{Heap before GC invocations=85 (full 0):
 garbage-first heap   total 264192K, used 94349K [0x0000000080000000, 0x0000000100000000)
  region size 1024K, 12 young (12288K), 2 survivors (2048K)
 Metaspace       used 69450K, committed 70080K, reserved 1114112K
  class space    used 9347K, committed 9664K, reserved 1048576K
}
Event: 2228.936 GC heap after
{Heap after GC invocations=86 (full 0):
 garbage-first heap   total 264192K, used 84455K [0x0000000080000000, 0x0000000100000000)
  region size 1024K, 2 young (2048K), 2 survivors (2048K)
 Metaspace       used 69450K, committed 70080K, reserved 1114112K
  class space    used 9347K, committed 9664K, reserved 1048576K
}
Event: 2278.163 GC heap before
{Heap before GC invocations=86 (full 0):
 garbage-first heap   total 264192K, used 94695K [0x0000000080000000, 0x0000000100000000)
  region size 1024K, 12 young (12288K), 2 survivors (2048K)
 Metaspace       used 70220K, committed 70976K, reserved 1114112K
  class space    used 9466K, committed 9792K, reserved 1048576K
}
Event: 2279.772 GC heap after
{Heap after GC invocations=87 (full 0):
 garbage-first heap   total 264192K, used 84925K [0x0000000080000000, 0x0000000100000000)
  region size 1024K, 2 young (2048K), 2 survivors (2048K)
 Metaspace       used 70220K, committed 70976K, reserved 1114112K
  class space    used 9466K, committed 9792K, reserved 1048576K
}
Event: 2321.799 GC heap before
{Heap before GC invocations=87 (full 0):
 garbage-first heap   total 264192K, used 95165K [0x0000000080000000, 0x0000000100000000)
  region size 1024K, 12 young (12288K), 2 survivors (2048K)
 Metaspace       used 71611K, committed 72320K, reserved 1114112K
  class space    used 9625K, committed 9920K, reserved 1048576K
}
Event: 2324.567 GC heap after
{Heap after GC invocations=88 (full 0):
 garbage-first heap   total 317440K, used 88195K [0x0000000080000000, 0x0000000100000000)
  region size 1024K, 2 young (2048K), 2 survivors (2048K)
 Metaspace       used 71611K, committed 72320K, reserved 1114112K
  class space    used 9625K, committed 9920K, reserved 1048576K
}
Event: 2342.767 GC heap before
{Heap before GC invocations=88 (full 0):
 garbage-first heap   total 317440K, used 105603K [0x0000000080000000, 0x0000000100000000)
  region size 1024K, 15 young (15360K), 2 survivors (2048K)
 Metaspace       used 71821K, committed 72512K, reserved 1114112K
  class space    used 9671K, committed 9984K, reserved 1048576K
}
Event: 2344.674 GC heap after
{Heap after GC invocations=89 (full 0):
 garbage-first heap   total 317440K, used 88869K [0x0000000080000000, 0x0000000100000000)
  region size 1024K, 2 young (2048K), 2 survivors (2048K)
 Metaspace       used 71821K, committed 72512K, reserved 1114112K
  class space    used 9671K, committed 9984K, reserved 1048576K
}
Event: 2373.166 GC heap before
{Heap before GC invocations=89 (full 0):
 garbage-first heap   total 317440K, used 102181K [0x0000000080000000, 0x0000000100000000)
  region size 1024K, 15 young (15360K), 2 survivors (2048K)
 Metaspace       used 72822K, committed 73536K, reserved 1114112K
  class space    used 9793K, committed 10112K, reserved 1048576K
}
Event: 2374.154 GC heap after
{Heap after GC invocations=90 (full 0):
 garbage-first heap   total 317440K, used 89235K [0x0000000080000000, 0x0000000100000000)
  region size 1024K, 1 young (1024K), 1 survivors (1024K)
 Metaspace       used 72822K, committed 73536K, reserved 1114112K
  class space    used 9793K, committed 10112K, reserved 1048576K
}
Event: 2412.978 GC heap before
{Heap before GC invocations=90 (full 0):
 garbage-first heap   total 317440K, used 103571K [0x0000000080000000, 0x0000000100000000)
  region size 1024K, 15 young (15360K), 1 survivors (1024K)
 Metaspace       used 73736K, committed 74432K, reserved 1114112K
  class space    used 9922K, committed 10240K, reserved 1048576K
}
Event: 2413.630 GC heap after
{Heap after GC invocations=91 (full 0):
 garbage-first heap   total 317440K, used 90015K [0x0000000080000000, 0x0000000100000000)
  region size 1024K, 2 young (2048K), 2 survivors (2048K)
 Metaspace       used 73736K, committed 74432K, reserved 1114112K
  class space    used 9922K, committed 10240K, reserved 1048576K
}
Event: 2451.111 GC heap before
{Heap before GC invocations=91 (full 0):
 garbage-first heap   total 317440K, used 103327K [0x0000000080000000, 0x0000000100000000)
  region size 1024K, 15 young (15360K), 2 survivors (2048K)
 Metaspace       used 74603K, committed 75328K, reserved 1114112K
  class space    used 10035K, committed 10368K, reserved 1048576K
}
Event: 2451.800 GC heap after
{Heap after GC invocations=92 (full 0):
 garbage-first heap   total 317440K, used 90616K [0x0000000080000000, 0x0000000100000000)
  region size 1024K, 2 young (2048K), 2 survivors (2048K)
 Metaspace       used 74603K, committed 75328K, reserved 1114112K
  class space    used 10035K, committed 10368K, reserved 1048576K
}

