# JRE version: OpenJDK Runtime Environment (17.0.9) (build 17.0.9+0--11185874)
# Java VM: OpenJDK 64-Bit Server VM (17.0.9+0--11185874, mixed mode, tiered, compressed oops, compressed class ptrs, g1 gc, windows-amd64)
GC Precious Log:
 CPUs: 4 total, 4 available
 Memory: 3992M
 Large Page Support: Disabled
 NUMA Support: Disabled
 Compressed Oops: Enabled (32-bit)
 Heap Region Size: 1M
 Heap Min Capacity: 8M
 Heap Initial Capacity: 64M
 Heap Max Capacity: 2G
 Pre-touch: Disabled
 Parallel Workers: 4
 Concurrent Workers: 1
 Concurrent Refinement Workers: 4
 Periodic GC: Disabled
Heap:
 garbage-first heap   total 195584K, used 90217K [0x0000000080000000, 0x0000000100000000)
  region size 1024K, 1 young (1024K), 1 survivors (1024K)
 Metaspace       used 74622K, committed 75264K, reserved 1179648K
  class space    used 9963K, committed 10240K, reserved 1048576K
GC Heap History (20 events):
Event: 2032.797 GC heap after
{Heap after GC invocations=83 (full 0):
 garbage-first heap   total 162816K, used 82681K [0x0000000080000000, 0x0000000100000000)
  region size 1024K, 1 young (1024K), 1 survivors (1024K)
 Metaspace       used 67132K, committed 67840K, reserved 1114112K
  class space    used 9018K, committed 9344K, reserved 1048576K
}
Event: 2076.564 GC heap before
{Heap before GC invocations=83 (full 0):
 garbage-first heap   total 162816K, used 88825K [0x0000000080000000, 0x0000000100000000)
  region size 1024K, 7 young (7168K), 1 survivors (1024K)
 Metaspace       used 67880K, committed 68608K, reserved 1114112K
  class space    used 9102K, committed 9472K, reserved 1048576K
}
Event: 2077.220 GC heap after
{Heap after GC invocations=84 (full 0):
 garbage-first heap   total 162816K, used 82796K [0x0000000080000000, 0x0000000100000000)
  region size 1024K, 1 young (1024K), 1 survivors (1024K)
 Metaspace       used 67880K, committed 68608K, reserved 1114112K
  class space    used 9102K, committed 9472K, reserved 1048576K
}
Event: 2145.240 GC heap before
{Heap before GC invocations=84 (full 0):
 garbage-first heap   total 162816K, used 93036K [0x0000000080000000, 0x0000000100000000)
  region size 1024K, 11 young (11264K), 1 survivors (1024K)
 Metaspace       used 68709K, committed 69440K, reserved 1114112K
  class space    used 9172K, committed 9536K, reserved 1048576K
}
Event: 2145.325 GC heap after
{Heap after GC invocations=85 (full 0):
 garbage-first heap   total 162816K, used 82962K [0x0000000080000000, 0x0000000100000000)
  region size 1024K, 1 young (1024K), 1 survivors (1024K)
 Metaspace       used 68709K, committed 69440K, reserved 1114112K
  class space    used 9172K, committed 9536K, reserved 1048576K
}
Event: 2192.236 GC heap before
{Heap before GC invocations=85 (full 0):
 garbage-first heap   total 162816K, used 99346K [0x0000000080000000, 0x0000000100000000)
  region size 1024K, 18 young (18432K), 1 survivors (1024K)
 Metaspace       used 70297K, committed 70976K, reserved 1114112K
  class space    used 9341K, committed 9664K, reserved 1048576K
}
Event: 2192.618 GC heap after
{Heap after GC invocations=86 (full 0):
 garbage-first heap   total 162816K, used 83619K [0x0000000080000000, 0x0000000100000000)
  region size 1024K, 2 young (2048K), 2 survivors (2048K)
 Metaspace       used 70297K, committed 70976K, reserved 1114112K
  class space    used 9341K, committed 9664K, reserved 1048576K
}
Event: 2243.060 GC heap before
{Heap before GC invocations=86 (full 0):
 garbage-first heap   total 162816K, used 93859K [0x0000000080000000, 0x0000000100000000)
  region size 1024K, 12 young (12288K), 2 survivors (2048K)
 Metaspace       used 71371K, committed 72064K, reserved 1114112K
  class space    used 9540K, committed 9856K, reserved 1048576K
}
Event: 2243.153 GC heap after
{Heap after GC invocations=87 (full 0):
 garbage-first heap   total 162816K, used 84036K [0x0000000080000000, 0x0000000100000000)
  region size 1024K, 2 young (2048K), 2 survivors (2048K)
 Metaspace       used 71371K, committed 72064K, reserved 1114112K
  class space    used 9540K, committed 9856K, reserved 1048576K
}
Event: 2288.806 GC heap before
{Heap before GC invocations=87 (full 0):
 garbage-first heap   total 162816K, used 94276K [0x0000000080000000, 0x0000000100000000)
  region size 1024K, 13 young (13312K), 2 survivors (2048K)
 Metaspace       used 72334K, committed 73024K, reserved 1114112K
  class space    used 9666K, committed 9984K, reserved 1048576K
}
Event: 2289.923 GC heap after
{Heap after GC invocations=88 (full 0):
 garbage-first heap   total 162816K, used 85114K [0x0000000080000000, 0x0000000100000000)
  region size 1024K, 2 young (2048K), 2 survivors (2048K)
 Metaspace       used 72334K, committed 73024K, reserved 1114112K
  class space    used 9666K, committed 9984K, reserved 1048576K
}
Event: 2318.882 GC heap before
{Heap before GC invocations=88 (full 0):
 garbage-first heap   total 162816K, used 91258K [0x0000000080000000, 0x0000000100000000)
  region size 1024K, 7 young (7168K), 2 survivors (2048K)
 Metaspace       used 73333K, committed 74048K, reserved 1114112K
  class space    used 9786K, committed 10112K, reserved 1048576K
}
Event: 2319.653 GC heap after
{Heap after GC invocations=89 (full 0):
 garbage-first heap   total 195584K, used 86223K [0x0000000080000000, 0x0000000100000000)
  region size 1024K, 1 young (1024K), 1 survivors (1024K)
 Metaspace       used 73333K, committed 74048K, reserved 1114112K
  class space    used 9786K, committed 10112K, reserved 1048576K
}
Event: 2320.892 GC heap before
{Heap before GC invocations=89 (full 0):
 garbage-first heap   total 195584K, used 96463K [0x0000000080000000, 0x0000000100000000)
  region size 1024K, 9 young (9216K), 1 survivors (1024K)
 Metaspace       used 73337K, committed 74048K, reserved 1114112K
  class space    used 9786K, committed 10112K, reserved 1048576K
}
Event: 2322.064 GC heap after
{Heap after GC invocations=90 (full 0):
 garbage-first heap   total 195584K, used 91324K [0x0000000080000000, 0x0000000100000000)
  region size 1024K, 2 young (2048K), 2 survivors (2048K)
 Metaspace       used 73337K, committed 74048K, reserved 1114112K
  class space    used 9786K, committed 10112K, reserved 1048576K
}
Event: 2341.676 GC heap before
{Heap before GC invocations=90 (full 0):
 garbage-first heap   total 195584K, used 100540K [0x0000000080000000, 0x0000000100000000)
  region size 1024K, 9 young (9216K), 2 survivors (2048K)
 Metaspace       used 73519K, committed 74176K, reserved 1114112K
  class space    used 9824K, committed 10112K, reserved 1048576K
}
Event: 2342.750 GC heap after
{Heap after GC invocations=91 (full 0):
 garbage-first heap   total 195584K, used 89683K [0x0000000080000000, 0x0000000100000000)
  region size 1024K, 2 young (2048K), 2 survivors (2048K)
 Metaspace       used 73519K, committed 74176K, reserved 1114112K
  class space    used 9824K, committed 10112K, reserved 1048576K
}
Event: 2359.274 GC heap before
{Heap before GC invocations=91 (full 0):
 garbage-first heap   total 195584K, used 95827K [0x0000000080000000, 0x0000000100000000)
  region size 1024K, 9 young (9216K), 2 survivors (2048K)
 Metaspace       used 74009K, committed 74624K, reserved 1114112K
  class space    used 9890K, committed 10176K, reserved 1048576K
}
Event: 2361.168 GC heap after
{Heap after GC invocations=92 (full 0):
 garbage-first heap   total 195584K, used 89846K [0x0000000080000000, 0x0000000100000000)
  region size 1024K, 1 young (1024K), 1 survivors (1024K)
 Metaspace       used 74009K, committed 74624K, reserved 1114112K
  class space    used 9890K, committed 10176K, reserved 1048576K
}
Event: 2381.601 GC heap before
{Heap before GC invocations=92 (full 0):
 garbage-first heap   total 195584K, used 97014K [0x0000000080000000, 0x0000000100000000)
  region size 1024K, 9 young (9216K), 1 survivors (1024K)
 Metaspace       used 74622K, committed 75264K, reserved 1179648K
  class space    used 9963K, committed 10240K, reserved 1048576K
}

