# JRE version: OpenJDK Runtime Environment (17.0.9) (build 17.0.9+0--11185874)
# Java VM: OpenJDK 64-Bit Server VM (17.0.9+0--11185874, mixed mode, tiered, compressed oops, compressed class ptrs, g1 gc, windows-amd64)
GC Precious Log:
 CPUs: 4 total, 4 available
 Memory: 3992M
 Large Page Support: Disabled
 NUMA Support: Disabled
 Compressed Oops: Enabled (32-bit)
 Heap Region Size: 1M
 Heap Min Capacity: 8M
 Heap Initial Capacity: 64M
 Heap Max Capacity: 2G
 Pre-touch: Disabled
 Parallel Workers: 4
 Concurrent Workers: 1
 Concurrent Refinement Workers: 4
 Periodic GC: Disabled
Heap:
 garbage-first heap   total 354304K, used 105417K [0x0000000080000000, 0x0000000100000000)
  region size 1024K, 15 young (15360K), 2 survivors (2048K)
 Metaspace       used 75390K, committed 76032K, reserved 1179648K
  class space    used 10126K, committed 10432K, reserved 1048576K
GC Heap History (20 events):
Event: 1939.907 GC heap before
{Heap before GC invocations=72 (full 0):
 garbage-first heap   total 294912K, used 95658K [0x0000000080000000, 0x0000000100000000)
  region size 1024K, 14 young (14336K), 1 survivors (1024K)
 Metaspace       used 65486K, committed 66112K, reserved 1114112K
  class space    used 8862K, committed 9152K, reserved 1048576K
}
Event: 1940.287 GC heap after
{Heap after GC invocations=73 (full 0):
 garbage-first heap   total 294912K, used 82649K [0x0000000080000000, 0x0000000100000000)
  region size 1024K, 1 young (1024K), 1 survivors (1024K)
 Metaspace       used 65486K, committed 66112K, reserved 1114112K
  class space    used 8862K, committed 9152K, reserved 1048576K
}
Event: 2013.028 GC heap before
{Heap before GC invocations=73 (full 0):
 garbage-first heap   total 294912K, used 94937K [0x0000000080000000, 0x0000000100000000)
  region size 1024K, 14 young (14336K), 1 survivors (1024K)
 Metaspace       used 66658K, committed 67328K, reserved 1114112K
  class space    used 8960K, committed 9280K, reserved 1048576K
}
Event: 2013.388 GC heap after
{Heap after GC invocations=74 (full 0):
 garbage-first heap   total 294912K, used 83037K [0x0000000080000000, 0x0000000100000000)
  region size 1024K, 2 young (2048K), 2 survivors (2048K)
 Metaspace       used 66658K, committed 67328K, reserved 1114112K
  class space    used 8960K, committed 9280K, reserved 1048576K
}
Event: 2084.581 GC heap before
{Heap before GC invocations=74 (full 0):
 garbage-first heap   total 294912K, used 94301K [0x0000000080000000, 0x0000000100000000)
  region size 1024K, 14 young (14336K), 2 survivors (2048K)
 Metaspace       used 67931K, committed 68672K, reserved 1114112K
  class space    used 9110K, committed 9472K, reserved 1048576K
}
Event: 2086.773 GC heap after
{Heap after GC invocations=75 (full 0):
 garbage-first heap   total 294912K, used 83272K [0x0000000080000000, 0x0000000100000000)
  region size 1024K, 2 young (2048K), 2 survivors (2048K)
 Metaspace       used 67931K, committed 68672K, reserved 1114112K
  class space    used 9110K, committed 9472K, reserved 1048576K
}
Event: 2176.638 GC heap before
{Heap before GC invocations=75 (full 0):
 garbage-first heap   total 294912K, used 95560K [0x0000000080000000, 0x0000000100000000)
  region size 1024K, 14 young (14336K), 2 survivors (2048K)
 Metaspace       used 68753K, committed 69504K, reserved 1114112K
  class space    used 9221K, committed 9600K, reserved 1048576K
}
Event: 2176.794 GC heap after
{Heap after GC invocations=76 (full 0):
 garbage-first heap   total 294912K, used 83617K [0x0000000080000000, 0x0000000100000000)
  region size 1024K, 2 young (2048K), 2 survivors (2048K)
 Metaspace       used 68753K, committed 69504K, reserved 1114112K
  class space    used 9221K, committed 9600K, reserved 1048576K
}
Event: 2257.575 GC heap before
{Heap before GC invocations=76 (full 0):
 garbage-first heap   total 294912K, used 94881K [0x0000000080000000, 0x0000000100000000)
  region size 1024K, 14 young (14336K), 2 survivors (2048K)
 Metaspace       used 69849K, committed 70528K, reserved 1114112K
  class space    used 9415K, committed 9728K, reserved 1048576K
}
Event: 2259.847 GC heap after
{Heap after GC invocations=77 (full 0):
 garbage-first heap   total 294912K, used 84066K [0x0000000080000000, 0x0000000100000000)
  region size 1024K, 2 young (2048K), 2 survivors (2048K)
 Metaspace       used 69849K, committed 70528K, reserved 1114112K
  class space    used 9415K, committed 9728K, reserved 1048576K
}
Event: 2324.116 GC heap before
{Heap before GC invocations=77 (full 0):
 garbage-first heap   total 294912K, used 96354K [0x0000000080000000, 0x0000000100000000)
  region size 1024K, 14 young (14336K), 2 survivors (2048K)
 Metaspace       used 71620K, committed 72256K, reserved 1114112K
  class space    used 9628K, committed 9920K, reserved 1048576K
}
Event: 2326.173 GC heap after
{Heap after GC invocations=78 (full 0):
 garbage-first heap   total 294912K, used 85473K [0x0000000080000000, 0x0000000100000000)
  region size 1024K, 2 young (2048K), 2 survivors (2048K)
 Metaspace       used 71620K, committed 72256K, reserved 1114112K
  class space    used 9628K, committed 9920K, reserved 1048576K
}
Event: 2338.441 GC heap before
{Heap before GC invocations=78 (full 0):
 garbage-first heap   total 294912K, used 102881K [0x0000000080000000, 0x0000000100000000)
  region size 1024K, 14 young (14336K), 2 survivors (2048K)
 Metaspace       used 71675K, committed 72384K, reserved 1114112K
  class space    used 9634K, committed 9920K, reserved 1048576K
}
Event: 2340.533 GC heap after
{Heap after GC invocations=79 (full 0):
 garbage-first heap   total 354304K, used 93212K [0x0000000080000000, 0x0000000100000000)
  region size 1024K, 2 young (2048K), 2 survivors (2048K)
 Metaspace       used 71675K, committed 72384K, reserved 1114112K
  class space    used 9634K, committed 9920K, reserved 1048576K
}
Event: 2369.176 GC heap before
{Heap before GC invocations=79 (full 0):
 garbage-first heap   total 354304K, used 107548K [0x0000000080000000, 0x0000000100000000)
  region size 1024K, 17 young (17408K), 2 survivors (2048K)
 Metaspace       used 72616K, committed 73344K, reserved 1114112K
  class space    used 9770K, committed 10112K, reserved 1048576K
}
Event: 2370.877 GC heap after
{Heap after GC invocations=80 (full 0):
 garbage-first heap   total 354304K, used 91595K [0x0000000080000000, 0x0000000100000000)
  region size 1024K, 2 young (2048K), 2 survivors (2048K)
 Metaspace       used 72616K, committed 73344K, reserved 1114112K
  class space    used 9770K, committed 10112K, reserved 1048576K
}
Event: 2408.056 GC heap before
{Heap before GC invocations=80 (full 0):
 garbage-first heap   total 354304K, used 106955K [0x0000000080000000, 0x0000000100000000)
  region size 1024K, 17 young (17408K), 2 survivors (2048K)
 Metaspace       used 73645K, committed 74368K, reserved 1114112K
  class space    used 9910K, committed 10240K, reserved 1048576K
}
Event: 2408.292 GC heap after
{Heap after GC invocations=81 (full 0):
 garbage-first heap   total 354304K, used 92499K [0x0000000080000000, 0x0000000100000000)
  region size 1024K, 3 young (3072K), 3 survivors (3072K)
 Metaspace       used 73645K, committed 74368K, reserved 1114112K
  class space    used 9910K, committed 10240K, reserved 1048576K
}
Event: 2449.570 GC heap before
{Heap before GC invocations=81 (full 0):
 garbage-first heap   total 354304K, used 106835K [0x0000000080000000, 0x0000000100000000)
  region size 1024K, 17 young (17408K), 3 survivors (3072K)
 Metaspace       used 74578K, committed 75264K, reserved 1114112K
  class space    used 10034K, committed 10368K, reserved 1048576K
}
Event: 2451.715 GC heap after
{Heap after GC invocations=82 (full 0):
 garbage-first heap   total 354304K, used 93129K [0x0000000080000000, 0x0000000100000000)
  region size 1024K, 2 young (2048K), 2 survivors (2048K)
 Metaspace       used 74578K, committed 75264K, reserved 1114112K
  class space    used 10034K, committed 10368K, reserved 1048576K
}

