# JRE version: OpenJDK Runtime Environment (17.0.9) (build 17.0.9+0--11185874)
# Java VM: OpenJDK 64-Bit Server VM (17.0.9+0--11185874, mixed mode, tiered, compressed oops, compressed class ptrs, g1 gc, windows-amd64)
GC Precious Log:
 CPUs: 4 total, 4 available
 Memory: 3992M
 Large Page Support: Disabled
 NUMA Support: Disabled
 Compressed Oops: Enabled (32-bit)
 Heap Region Size: 1M
 Heap Min Capacity: 8M
 Heap Initial Capacity: 64M
 Heap Max Capacity: 2G
 Pre-touch: Disabled
 Parallel Workers: 4
 Concurrent Workers: 1
 Concurrent Refinement Workers: 4
 Periodic GC: Disabled
Heap:
 garbage-first heap   total 389120K, used 94571K [0x0000000080000000, 0x0000000100000000)
  region size 1024K, 6 young (6144K), 3 survivors (3072K)
 Metaspace       used 75384K, committed 76096K, reserved 1179648K
  class space    used 10128K, committed 10432K, reserved 1048576K
GC Heap History (20 events):
Event: 1792.759 GC heap before
{Heap before GC invocations=72 (full 0):
 garbage-first heap   total 323584K, used 90268K [0x0000000080000000, 0x0000000100000000)
  region size 1024K, 15 young (15360K), 2 survivors (2048K)
 Metaspace       used 62474K, committed 63104K, reserved 1114112K
  class space    used 8463K, committed 8768K, reserved 1048576K
}
Event: 1794.308 GC heap after
{Heap after GC invocations=73 (full 0):
 garbage-first heap   total 389120K, used 81530K [0x0000000080000000, 0x0000000100000000)
  region size 1024K, 2 young (2048K), 2 survivors (2048K)
 Metaspace       used 62474K, committed 63104K, reserved 1114112K
  class space    used 8463K, committed 8768K, reserved 1048576K
}
Event: 1862.786 GC heap before
{Heap before GC invocations=73 (full 0):
 garbage-first heap   total 389120K, used 98938K [0x0000000080000000, 0x0000000100000000)
  region size 1024K, 19 young (19456K), 2 survivors (2048K)
 Metaspace       used 63397K, committed 64064K, reserved 1114112K
  class space    used 8570K, committed 8896K, reserved 1048576K
}
Event: 1864.021 GC heap after
{Heap after GC invocations=74 (full 0):
 garbage-first heap   total 389120K, used 84661K [0x0000000080000000, 0x0000000100000000)
  region size 1024K, 2 young (2048K), 2 survivors (2048K)
 Metaspace       used 63397K, committed 64064K, reserved 1114112K
  class space    used 8570K, committed 8896K, reserved 1048576K
}
Event: 1905.460 GC heap before
{Heap before GC invocations=74 (full 0):
 garbage-first heap   total 389120K, used 101045K [0x0000000080000000, 0x0000000100000000)
  region size 1024K, 19 young (19456K), 2 survivors (2048K)
 Metaspace       used 64714K, committed 65344K, reserved 1114112K
  class space    used 8750K, committed 9024K, reserved 1048576K
}
Event: 1906.725 GC heap after
{Heap after GC invocations=75 (full 0):
 garbage-first heap   total 389120K, used 85146K [0x0000000080000000, 0x0000000100000000)
  region size 1024K, 1 young (1024K), 1 survivors (1024K)
 Metaspace       used 64714K, committed 65344K, reserved 1114112K
  class space    used 8750K, committed 9024K, reserved 1048576K
}
Event: 2089.428 GC heap before
{Heap before GC invocations=75 (full 0):
 garbage-first heap   total 389120K, used 102554K [0x0000000080000000, 0x0000000100000000)
  region size 1024K, 19 young (19456K), 1 survivors (1024K)
 Metaspace       used 65936K, committed 66624K, reserved 1114112K
  class space    used 8916K, committed 9216K, reserved 1048576K
}
Event: 2091.044 GC heap after
{Heap after GC invocations=76 (full 0):
 garbage-first heap   total 389120K, used 85903K [0x0000000080000000, 0x0000000100000000)
  region size 1024K, 2 young (2048K), 2 survivors (2048K)
 Metaspace       used 65936K, committed 66624K, reserved 1114112K
  class space    used 8916K, committed 9216K, reserved 1048576K
}
Event: 2170.376 GC heap before
{Heap before GC invocations=76 (full 0):
 garbage-first heap   total 389120K, used 102287K [0x0000000080000000, 0x0000000100000000)
  region size 1024K, 19 young (19456K), 2 survivors (2048K)
 Metaspace       used 67856K, committed 68608K, reserved 1114112K
  class space    used 9107K, committed 9472K, reserved 1048576K
}
Event: 2171.340 GC heap after
{Heap after GC invocations=77 (full 0):
 garbage-first heap   total 389120K, used 85905K [0x0000000080000000, 0x0000000100000000)
  region size 1024K, 2 young (2048K), 2 survivors (2048K)
 Metaspace       used 67856K, committed 68608K, reserved 1114112K
  class space    used 9107K, committed 9472K, reserved 1048576K
}
Event: 2247.681 GC heap before
{Heap before GC invocations=77 (full 0):
 garbage-first heap   total 389120K, used 103313K [0x0000000080000000, 0x0000000100000000)
  region size 1024K, 19 young (19456K), 2 survivors (2048K)
 Metaspace       used 69354K, committed 70080K, reserved 1114112K
  class space    used 9337K, committed 9664K, reserved 1048576K
}
Event: 2248.041 GC heap after
{Heap after GC invocations=78 (full 0):
 garbage-first heap   total 389120K, used 86429K [0x0000000080000000, 0x0000000100000000)
  region size 1024K, 2 young (2048K), 2 survivors (2048K)
 Metaspace       used 69354K, committed 70080K, reserved 1114112K
  class space    used 9337K, committed 9664K, reserved 1048576K
}
Event: 2318.035 GC heap before
{Heap before GC invocations=78 (full 0):
 garbage-first heap   total 389120K, used 102813K [0x0000000080000000, 0x0000000100000000)
  region size 1024K, 19 young (19456K), 2 survivors (2048K)
 Metaspace       used 71592K, committed 72320K, reserved 1114112K
  class space    used 9630K, committed 9920K, reserved 1048576K
}
Event: 2319.049 GC heap after
{Heap after GC invocations=79 (full 0):
 garbage-first heap   total 389120K, used 87829K [0x0000000080000000, 0x0000000100000000)
  region size 1024K, 3 young (3072K), 3 survivors (3072K)
 Metaspace       used 71592K, committed 72320K, reserved 1114112K
  class space    used 9630K, committed 9920K, reserved 1048576K
}
Event: 2341.681 GC heap before
{Heap before GC invocations=79 (full 0):
 garbage-first heap   total 389120K, used 109333K [0x0000000080000000, 0x0000000100000000)
  region size 1024K, 19 young (19456K), 3 survivors (3072K)
 Metaspace       used 71786K, committed 72512K, reserved 1114112K
  class space    used 9671K, committed 9984K, reserved 1048576K
}
Event: 2345.965 GC heap after
{Heap after GC invocations=80 (full 0):
 garbage-first heap   total 389120K, used 90256K [0x0000000080000000, 0x0000000100000000)
  region size 1024K, 3 young (3072K), 3 survivors (3072K)
 Metaspace       used 71786K, committed 72512K, reserved 1114112K
  class space    used 9671K, committed 9984K, reserved 1048576K
}
Event: 2380.914 GC heap before
{Heap before GC invocations=80 (full 0):
 garbage-first heap   total 389120K, used 106640K [0x0000000080000000, 0x0000000100000000)
  region size 1024K, 19 young (19456K), 3 survivors (3072K)
 Metaspace       used 72985K, committed 73664K, reserved 1114112K
  class space    used 9820K, committed 10112K, reserved 1048576K
}
Event: 2381.345 GC heap after
{Heap after GC invocations=81 (full 0):
 garbage-first heap   total 389120K, used 91065K [0x0000000080000000, 0x0000000100000000)
  region size 1024K, 1 young (1024K), 1 survivors (1024K)
 Metaspace       used 72985K, committed 73664K, reserved 1114112K
  class space    used 9820K, committed 10112K, reserved 1048576K
}
Event: 2416.893 GC heap before
{Heap before GC invocations=81 (full 0):
 garbage-first heap   total 389120K, used 109497K [0x0000000080000000, 0x0000000100000000)
  region size 1024K, 19 young (19456K), 1 survivors (1024K)
 Metaspace       used 74210K, committed 74880K, reserved 1114112K
  class space    used 9989K, committed 10304K, reserved 1048576K
}
Event: 2417.325 GC heap after
{Heap after GC invocations=82 (full 0):
 garbage-first heap   total 389120K, used 91914K [0x0000000080000000, 0x0000000100000000)
  region size 1024K, 2 young (2048K), 2 survivors (2048K)
 Metaspace       used 74210K, committed 74880K, reserved 1114112K
  class space    used 9989K, committed 10304K, reserved 1048576K
}

